setting 'ivy.default.settings.dir' to 'jar:file:/C:/k-sera/IdeaProjects/scala-unittesting-blank/lib/sbt-launch.jar!/org/apache/ivy/core/settings'
setting 'ivy.basedir' to 'C:\k-sera\IdeaProjects\scala-unittesting-blank\.'
setting 'ivy.default.conf.dir' to 'jar:file:/C:/k-sera/IdeaProjects/scala-unittesting-blank/lib/sbt-launch.jar!/org/apache/ivy/core/settings'
impossible to define new type: class not found: org.apache.ivy.plugins.version.PatternVersionMatcher in [] nor Ivy classloader
impossible to define new type: class not found: org.apache.ivy.plugins.trigger.LogTrigger in [] nor Ivy classloader
impossible to define new type: class not found: org.apache.ivy.plugins.resolver.DualResolver in [] nor Ivy classloader
impossible to define new type: class not found: org.apache.ivy.plugins.resolver.VsftpResolver in [] nor Ivy classloader
impossible to define new type: class not found: org.apache.ivy.plugins.conflict.RegexpConflictManager in [] nor Ivy classloader
impossible to define new type: class not found: org.apache.ivy.plugins.resolver.SshResolver in [] nor Ivy classloader
impossible to define new type: class not found: org.apache.ivy.plugins.resolver.VfsResolver in [] nor Ivy classloader
impossible to define new type: class not found: org.apache.ivy.plugins.signer.bouncycastle.OpenPGPSignatureGenerator in [] nor Ivy classloader
impossible to define new type: class not found: org.apache.ivy.plugins.resolver.SFTPResolver in [] nor Ivy classloader
impossible to define new type: class not found: org.apache.ivy.plugins.resolver.packager.PackagerResolver in [] nor Ivy classloader
impossible to define new type: class not found: org.apache.ivy.ant.AntCallTrigger in [] nor Ivy classloader
impossible to define new type: class not found: org.apache.ivy.plugins.resolver.IvyRepResolver in [] nor Ivy classloader
impossible to define new type: class not found: org.apache.ivy.ant.AntBuildTrigger in [] nor Ivy classloader
impossible to define glob matcher: org.apache.ivy.plugins.matcher.GlobPatternMatcher was not found.
setting 'java.runtime.name' to 'Java(TM) SE Runtime Environment'
setting 'sun.boot.library.path' to 'C:\Program Files\Java\jdk1.6.0_24\jre\bin'
setting 'java.vm.version' to '19.1-b02'
setting 'java.vm.vendor' to 'Sun Microsystems Inc.'
setting 'java.vendor.url' to 'http://java.sun.com/'
setting 'path.separator' to ';'
setting 'java.vm.name' to 'Java HotSpot(TM) Client VM'
setting 'file.encoding.pkg' to 'sun.io'
setting 'sun.java.launcher' to 'SUN_STANDARD'
setting 'user.country' to 'JP'
setting 'sun.os.patch.level' to 'Service Pack 3'
setting 'java.vm.specification.name' to 'Java Virtual Machine Specification'
setting 'user.dir' to 'C:\k-sera\IdeaProjects\scala-unittesting-blank'
setting 'java.runtime.version' to '1.6.0_24-b07'
setting 'java.awt.graphicsenv' to 'sun.awt.Win32GraphicsEnvironment'
setting 'java.endorsed.dirs' to 'C:\Program Files\Java\jdk1.6.0_24\jre\lib\endorsed'
setting 'os.arch' to 'x86'
setting 'java.io.tmpdir' to 'C:\DOCUME~1\k-sera\LOCALS~1\Temp\'
setting 'line.separator' to '
'
setting 'java.vm.specification.vendor' to 'Sun Microsystems Inc.'
setting 'user.variant' to ''
setting 'os.name' to 'Windows XP'
setting 'sun.jnu.encoding' to 'MS932'
setting 'java.library.path' to 'C:\Program Files\Java\jdk1.6.0_24\bin;.;C:\WINDOWS\Sun\Java\bin;C:\WINDOWS\system32;C:\WINDOWS;C:\WINDOWS\system32;C:\WINDOWS;C:\WINDOWS\System32\Wbem;C:\Program Files\TortoiseSVN\bin;C:\WINDOWS\system32\WindowsPowerShell\v1.0;C:\Program Files\apache-maven-2.2.1\bin;C:\Program Files\apache-ant-1.7.1\bin;C:\Program Files\Java\jdk1.6.0_24\bin;C:\k-sera\Git\cmd;C:\k-sera\bin;C:\k-sera\scala\scala-2.9.0.final\bin;C:\k-sera\R\R-2.12.2\bin;C:\k-sera\play\play-1.2;C:\k-sera\play\play-1.2\python;;C:\k-sera\Mercurial'
setting 'java.specification.name' to 'Java Platform API Specification'
setting 'java.class.version' to '50.0'
setting 'sun.management.compiler' to 'HotSpot Client Compiler'
setting 'os.version' to '5.1'
setting 'user.home' to 'C:\Documents and Settings\k-sera'
setting 'user.timezone' to 'Asia/Tokyo'
setting 'java.awt.printerjob' to 'sun.awt.windows.WPrinterJob'
setting 'file.encoding' to 'MS932'
setting 'java.specification.version' to '1.6'
setting 'java.class.path' to 'C:\k-sera\IdeaProjects\scala-unittesting-blank\\lib\sbt-launch.jar'
setting 'user.name' to 'k-sera'
setting 'java.vm.specification.version' to '1.0'
setting 'java.home' to 'C:\Program Files\Java\jdk1.6.0_24\jre'
setting 'sun.arch.data.model' to '32'
setting 'user.language' to 'ja'
setting 'java.specification.vendor' to 'Sun Microsystems Inc.'
setting 'awt.toolkit' to 'sun.awt.windows.WToolkit'
setting 'java.vm.info' to 'mixed mode, sharing'
setting 'java.version' to '1.6.0_24'
setting 'java.ext.dirs' to 'C:\Program Files\Java\jdk1.6.0_24\jre\lib\ext;C:\WINDOWS\Sun\Java\lib\ext'
setting 'sun.boot.class.path' to 'C:\Program Files\Java\jdk1.6.0_24\jre\lib\resources.jar;C:\Program Files\Java\jdk1.6.0_24\jre\lib\rt.jar;C:\Program Files\Java\jdk1.6.0_24\jre\lib\sunrsasign.jar;C:\Program Files\Java\jdk1.6.0_24\jre\lib\jsse.jar;C:\Program Files\Java\jdk1.6.0_24\jre\lib\jce.jar;C:\Program Files\Java\jdk1.6.0_24\jre\lib\charsets.jar;C:\Program Files\Java\jdk1.6.0_24\jre\lib\modules\jdk.boot.jar;C:\Program Files\Java\jdk1.6.0_24\jre\classes'
setting 'java.vendor' to 'Sun Microsystems Inc.'
setting 'file.separator' to '\'
setting 'java.vendor.url.bug' to 'http://java.sun.com/cgi-bin/bugreport.cgi'
setting 'sun.io.unicode.encoding' to 'UnicodeLittle'
setting 'sun.cpu.endian' to 'little'
setting 'sun.desktop' to 'windows'
setting 'sun.cpu.isalist' to 'pentium_pro+mmx pentium_pro pentium+mmx pentium i486 i386 i86'
setting 'ivy.default.ivy.user.dir' to 'C:\Documents and Settings\k-sera\.ivy2'
setting 'ivy.home' to 'C:\Documents and Settings\k-sera\.ivy2'
setting 'ivy.cache.dir' to 'C:\Documents and Settings\k-sera\.ivy2\cache'
no default cache defined: set to C:\Documents and Settings\k-sera\.ivy2\cache
setting 'ivy.checksums' to 'sha1,md5'
setting 'ivy.basedir' to 'C:\k-sera\IdeaProjects\scala-unittesting-blank\project\boot'
setting 'basedir' to 'C:\k-sera\IdeaProjects\scala-unittesting-blank\project\boot'
setting 'scala' to '2.9.0-1'
:: resolving dependencies :: org.scala-tools.sbt#boot-scala;1.0
	confs: [default]
	validate = true
	refresh = false
resolving dependencies for configuration 'default'
== resolving dependencies for org.scala-tools.sbt#boot-scala;1.0 [default]
loadData of org.scala-tools.sbt#boot-scala;1.0 of rootConf=default
== resolving dependencies org.scala-tools.sbt#boot-scala;1.0->org.scala-lang#scala-compiler;2.9.0-1 [default->default]
loadData of org.scala-lang#scala-compiler;2.9.0-1 of rootConf=default
	using redefined-public to resolve org.scala-lang#scala-compiler;2.9.0-1
redefined-public: Checking cache for: dependency: org.scala-lang#scala-compiler;2.9.0-1 {default=[default, optional(default)]}
redefined-public: no namespace defined: using system
No entry is found in the ModuleDescriptorCache : C:\Documents and Settings\k-sera\.ivy2\cache\org.scala-lang\scala-compiler\ivy-2.9.0-1.xml
post 1.3 ivy file: using exact as default matcher
	found ivy file in cache for org.scala-lang#scala-compiler;2.9.0-1 (resolved by Maven Central): C:\Documents and Settings\k-sera\.ivy2\cache\org.scala-lang\scala-compiler\ivy-2.9.0-1.xml
redefined-public: module revision found in cache: org.scala-lang#scala-compiler;2.9.0-1
redefined-public: no latest strategy defined: using default
	found org.scala-lang#scala-compiler;2.9.0-1 in Maven Central
== resolving dependencies org.scala-tools.sbt#boot-scala;1.0->org.scala-lang#scala-compiler;2.9.0-1 [default->runtime]
loadData of org.scala-lang#scala-compiler;2.9.0-1 of rootConf=default
== resolving dependencies org.scala-tools.sbt#boot-scala;1.0->org.scala-lang#scala-compiler;2.9.0-1 [default->compile]
loadData of org.scala-lang#scala-compiler;2.9.0-1 of rootConf=default
== resolving dependencies org.scala-lang#scala-compiler;2.9.0-1->org.scala-lang#scala-library;2.9.0-1 [compile->master(*)]
loadData of org.scala-lang#scala-library;2.9.0-1 of rootConf=default
	using redefined-public to resolve org.scala-lang#scala-library;2.9.0-1
redefined-public: Checking cache for: dependency: org.scala-lang#scala-library;2.9.0-1 {compile=[compile(*), master(*)], runtime=[runtime(*)]}
No entry is found in the ModuleDescriptorCache : C:\Documents and Settings\k-sera\.ivy2\cache\org.scala-lang\scala-library\ivy-2.9.0-1.xml
post 1.3 ivy file: using exact as default matcher
	resolver not found: sbt-chain => trying to use the one configured for org.scala-lang#scala-library;2.9.0-1
	configured resolver found for org.scala-lang#scala-library;2.9.0-1: redefined-public: saving this data
	found ivy file in cache for org.scala-lang#scala-library;2.9.0-1 (resolved by redefined-public): C:\Documents and Settings\k-sera\.ivy2\cache\org.scala-lang\scala-library\ivy-2.9.0-1.xml
redefined-public: module revision found in cache: org.scala-lang#scala-library;2.9.0-1
	found org.scala-lang#scala-library;2.9.0-1 in redefined-public
== resolving dependencies org.scala-lang#scala-compiler;2.9.0-1->org.scala-lang#scala-library;2.9.0-1 [compile->compile(*)]
loadData of org.scala-lang#scala-library;2.9.0-1 of rootConf=default
== resolving dependencies org.scala-lang#scala-compiler;2.9.0-1->org.scala-lang#scala-library;2.9.0-1 [compile->default]
loadData of org.scala-lang#scala-library;2.9.0-1 of rootConf=default
== resolving dependencies org.scala-lang#scala-compiler;2.9.0-1->org.scala-lang#scala-library;2.9.0-1 [compile->runtime]
loadData of org.scala-lang#scala-library;2.9.0-1 of rootConf=default
== resolving dependencies org.scala-lang#scala-compiler;2.9.0-1->org.scala-lang#scala-library;2.9.0-1 [compile->compile]
loadData of org.scala-lang#scala-library;2.9.0-1 of rootConf=default
== resolving dependencies org.scala-lang#scala-compiler;2.9.0-1->org.scala-lang#scala-library;2.9.0-1 [compile->master]
loadData of org.scala-lang#scala-library;2.9.0-1 of rootConf=default
== resolving dependencies org.scala-lang#scala-compiler;2.9.0-1->org.scala-lang#scala-library;2.9.0-1 [runtime->runtime(*)]
loadData of org.scala-lang#scala-library;2.9.0-1 of rootConf=default
== resolving dependencies org.scala-lang#scala-compiler;2.9.0-1->org.scala-lang#scala-library;2.9.0-1 [runtime->compile]
loadData of org.scala-lang#scala-library;2.9.0-1 of rootConf=default
default is loaded and no conf to load.  Skip loading
== resolving dependencies org.scala-tools.sbt#boot-scala;1.0->org.scala-lang#scala-compiler;2.9.0-1 [default->master]
loadData of org.scala-lang#scala-compiler;2.9.0-1 of rootConf=default
== resolving dependencies org.scala-tools.sbt#boot-scala;1.0->org.scala-lang#scala-compiler;2.9.0-1 [default->optional(default)]
loadData of org.scala-lang#scala-compiler;2.9.0-1 of rootConf=default
== resolving dependencies org.scala-lang#scala-compiler;2.9.0-1->org.scala-lang#jline;2.9.0-1 [optional->master(*)]
loadData of org.scala-lang#jline;2.9.0-1 of rootConf=default
	using redefined-public to resolve org.scala-lang#jline;2.9.0-1
redefined-public: Checking cache for: dependency: org.scala-lang#jline;2.9.0-1 {optional=[compile(*), master(*)]}
	no ivy file in cache for org.scala-lang#jline;2.9.0-1: tried C:\Documents and Settings\k-sera\.ivy2\cache\org.scala-lang\jline\ivy-2.9.0-1.xml
local: no namespace defined: using system
	no ivy file in cache for org.scala-lang#jline;2.9.0-1: tried C:\Documents and Settings\k-sera\.ivy2\cache\org.scala-lang\jline\ivy-2.9.0-1.xml
	 trying C:\Documents and Settings\k-sera\.ivy2/local/org.scala-lang/jline/2.9.0-1/ivys/ivy.xml
		tried C:\Documents and Settings\k-sera\.ivy2/local/org.scala-lang/jline/2.9.0-1/ivys/ivy.xml
	local: resource not reachable for org.scala-lang#jline;2.9.0-1: res=C:\Documents and Settings\k-sera\.ivy2\local\org.scala-lang\jline\2.9.0-1\ivys\ivy.xml
	 trying C:\Documents and Settings\k-sera\.ivy2/local/org.scala-lang/jline/2.9.0-1/jars/jline.jar
		tried C:\Documents and Settings\k-sera\.ivy2/local/org.scala-lang/jline/2.9.0-1/jars/jline.jar
	local: resource not reachable for org.scala-lang#jline;2.9.0-1: res=C:\Documents and Settings\k-sera\.ivy2\local\org.scala-lang\jline\2.9.0-1\jars\jline.jar
	local: no ivy file nor artifact found for org.scala-lang#jline;2.9.0-1
Maven2 Local: no namespace defined: using system
	no ivy file in cache for org.scala-lang#jline;2.9.0-1: tried C:\Documents and Settings\k-sera\.ivy2\cache\org.scala-lang\jline\ivy-2.9.0-1.xml
	 trying file://C:\Documents and Settings\k-sera/.m2/repository/org/scala-lang/jline/2.9.0-1/jline-2.9.0-1.pom
		tried file://C:\Documents and Settings\k-sera/.m2/repository/org/scala-lang/jline/2.9.0-1/jline-2.9.0-1.pom
	Maven2 Local: resource not reachable for org/scala-lang#jline;2.9.0-1: res=file://C:/Documents and Settings/k-sera/.m2/repository/org/scala-lang/jline/2.9.0-1/jline-2.9.0-1.pom
	 trying file://C:\Documents and Settings\k-sera/.m2/repository/org/scala-lang/jline/2.9.0-1/jline-2.9.0-1.jar
		tried file://C:\Documents and Settings\k-sera/.m2/repository/org/scala-lang/jline/2.9.0-1/jline-2.9.0-1.jar
	Maven2 Local: resource not reachable for org/scala-lang#jline;2.9.0-1: res=file://C:/Documents and Settings/k-sera/.m2/repository/org/scala-lang/jline/2.9.0-1/jline-2.9.0-1.jar
	Maven2 Local: no ivy file nor artifact found for org.scala-lang#jline;2.9.0-1
typesafe-ivy-releases: no namespace defined: using system
	no ivy file in cache for org.scala-lang#jline;2.9.0-1: tried C:\Documents and Settings\k-sera\.ivy2\cache\org.scala-lang\jline\ivy-2.9.0-1.xml
	 trying http://repo.typesafe.com/typesafe/ivy-releases/org.scala-lang/jline/2.9.0-1/ivys/ivy.xml
		tried http://repo.typesafe.com/typesafe/ivy-releases/org.scala-lang/jline/2.9.0-1/ivys/ivy.xml
HTTP response status: 404 url=http://repo.typesafe.com/typesafe/ivy-releases/org.scala-lang/jline/2.9.0-1/ivys/ivy.xml
CLIENT ERROR: Not Found url=http://repo.typesafe.com/typesafe/ivy-releases/org.scala-lang/jline/2.9.0-1/ivys/ivy.xml
	typesafe-ivy-releases: resource not reachable for org.scala-lang#jline;2.9.0-1: res=http://repo.typesafe.com/typesafe/ivy-releases/org.scala-lang/jline/2.9.0-1/ivys/ivy.xml
	 trying http://repo.typesafe.com/typesafe/ivy-releases/org.scala-lang/jline/2.9.0-1/jars/jline.jar
		tried http://repo.typesafe.com/typesafe/ivy-releases/org.scala-lang/jline/2.9.0-1/jars/jline.jar
HTTP response status: 404 url=http://repo.typesafe.com/typesafe/ivy-releases/org.scala-lang/jline/2.9.0-1/jars/jline.jar
CLIENT ERROR: Not Found url=http://repo.typesafe.com/typesafe/ivy-releases/org.scala-lang/jline/2.9.0-1/jars/jline.jar
	typesafe-ivy-releases: resource not reachable for org.scala-lang#jline;2.9.0-1: res=http://repo.typesafe.com/typesafe/ivy-releases/org.scala-lang/jline/2.9.0-1/jars/jline.jar
	typesafe-ivy-releases: no ivy file nor artifact found for org.scala-lang#jline;2.9.0-1
Maven Central: no namespace defined: using system
	no ivy file in cache for org.scala-lang#jline;2.9.0-1: tried C:\Documents and Settings\k-sera\.ivy2\cache\org.scala-lang\jline\ivy-2.9.0-1.xml
	 trying http://repo1.maven.org/maven2/org/scala-lang/jline/2.9.0-1/jline-2.9.0-1.pom
		tried http://repo1.maven.org/maven2/org/scala-lang/jline/2.9.0-1/jline-2.9.0-1.pom
	Maven Central: found md file for org.scala-lang#jline;2.9.0-1
		=> http://repo1.maven.org/maven2/org/scala-lang/jline/2.9.0-1/jline-2.9.0-1.pom (2.9.0-1)
	parser = pom parser
	no ivy file in cache for org.scala-lang#jline;2.9.0-1: tried C:\Documents and Settings\k-sera\.ivy2\cache\org.scala-lang\jline\ivy-2.9.0-1.xml
downloading http://repo1.maven.org/maven2/org/scala-lang/jline/2.9.0-1/jline-2.9.0-1.pom ...
	Maven Central: downloading http://repo1.maven.org/maven2/org/scala-lang/jline/2.9.0-1/jline-2.9.0-1.pom
		to C:\Documents and Settings\k-sera\.ivy2\cache\org.scala-lang\jline\ivy-2.9.0-1.xml.original.part
sha1 file found for http://repo1.maven.org/maven2/org/scala-lang/jline/2.9.0-1/jline-2.9.0-1.pom: checking...
	Maven Central: downloading http://repo1.maven.org/maven2/org/scala-lang/jline/2.9.0-1/jline-2.9.0-1.pom.sha1
		to C:\DOCUME~1\k-sera\LOCALS~1\Temp\ivytmp2156893133476121209sha1
sha1 OK for http://repo1.maven.org/maven2/org/scala-lang/jline/2.9.0-1/jline-2.9.0-1.pom
	[SUCCESSFUL ] org.scala-lang#jline;2.9.0-1!jline.pom(pom.original) (2063ms)
	 trying C:\Documents and Settings\k-sera\.ivy2/local/org.scala-lang/jline/2.9.0-1/jars/jline.jar
		tried C:\Documents and Settings\k-sera\.ivy2/local/org.scala-lang/jline/2.9.0-1/jars/jline.jar
	local: resource not reachable for org.scala-lang#jline;2.9.0-1: res=C:\Documents and Settings\k-sera\.ivy2\local\org.scala-lang\jline\2.9.0-1\jars\jline.jar
	 trying file://C:\Documents and Settings\k-sera/.m2/repository/org/scala-lang/jline/2.9.0-1/jline-2.9.0-1.jar
		tried file://C:\Documents and Settings\k-sera/.m2/repository/org/scala-lang/jline/2.9.0-1/jline-2.9.0-1.jar
	Maven2 Local: resource not reachable for org/scala-lang#jline;2.9.0-1: res=file://C:/Documents and Settings/k-sera/.m2/repository/org/scala-lang/jline/2.9.0-1/jline-2.9.0-1.jar
	 trying http://repo.typesafe.com/typesafe/ivy-releases/org.scala-lang/jline/2.9.0-1/jars/jline.jar
		tried http://repo.typesafe.com/typesafe/ivy-releases/org.scala-lang/jline/2.9.0-1/jars/jline.jar
	typesafe-ivy-releases: resource not reachable for org.scala-lang#jline;2.9.0-1: res=http://repo.typesafe.com/typesafe/ivy-releases/org.scala-lang/jline/2.9.0-1/jars/jline.jar
	 trying http://repo1.maven.org/maven2/org/scala-lang/jline/2.9.0-1/jline-2.9.0-1.jar
		tried http://repo1.maven.org/maven2/org/scala-lang/jline/2.9.0-1/jline-2.9.0-1.jar
no source artifact found for org.scala-lang#jline;2.9.0-1
no javadoc artifact found for org.scala-lang#jline;2.9.0-1
	default-cache: parsed downloaded md file for org.scala-lang#jline;2.9.0-1; parsed=org.scala-lang#jline;2.9.0-1
	checking org.scala-lang#jline;2.9.0-1 from Maven Central against [none]
	module revision kept as first found: org.scala-lang#jline;2.9.0-1 from Maven Central
	found org.scala-lang#jline;2.9.0-1 in Maven Central
== resolving dependencies org.scala-lang#scala-compiler;2.9.0-1->org.scala-lang#jline;2.9.0-1 [optional->compile(*)]
loadData of org.scala-lang#jline;2.9.0-1 of rootConf=default
== resolving dependencies org.scala-lang#jline;2.9.0-1->org.fusesource.jansi#jansi;1.4 [compile->master(*)]
loadData of org.fusesource.jansi#jansi;1.4 of rootConf=default
	using redefined-public to resolve org.fusesource.jansi#jansi;1.4
redefined-public: Checking cache for: dependency: org.fusesource.jansi#jansi;1.4 {compile=[compile(*), master(*)], runtime=[runtime(*)]}
	no ivy file in cache for org.fusesource.jansi#jansi;1.4: tried C:\Documents and Settings\k-sera\.ivy2\cache\org.fusesource.jansi\jansi\ivy-1.4.xml
	no ivy file in cache for org.fusesource.jansi#jansi;1.4: tried C:\Documents and Settings\k-sera\.ivy2\cache\org.fusesource.jansi\jansi\ivy-1.4.xml
	 trying C:\Documents and Settings\k-sera\.ivy2/local/org.fusesource.jansi/jansi/1.4/ivys/ivy.xml
		tried C:\Documents and Settings\k-sera\.ivy2/local/org.fusesource.jansi/jansi/1.4/ivys/ivy.xml
	local: resource not reachable for org.fusesource.jansi#jansi;1.4: res=C:\Documents and Settings\k-sera\.ivy2\local\org.fusesource.jansi\jansi\1.4\ivys\ivy.xml
	 trying C:\Documents and Settings\k-sera\.ivy2/local/org.fusesource.jansi/jansi/1.4/jars/jansi.jar
		tried C:\Documents and Settings\k-sera\.ivy2/local/org.fusesource.jansi/jansi/1.4/jars/jansi.jar
	local: resource not reachable for org.fusesource.jansi#jansi;1.4: res=C:\Documents and Settings\k-sera\.ivy2\local\org.fusesource.jansi\jansi\1.4\jars\jansi.jar
	local: no ivy file nor artifact found for org.fusesource.jansi#jansi;1.4
	no ivy file in cache for org.fusesource.jansi#jansi;1.4: tried C:\Documents and Settings\k-sera\.ivy2\cache\org.fusesource.jansi\jansi\ivy-1.4.xml
	 trying file://C:\Documents and Settings\k-sera/.m2/repository/org/fusesource/jansi/jansi/1.4/jansi-1.4.pom
		tried file://C:\Documents and Settings\k-sera/.m2/repository/org/fusesource/jansi/jansi/1.4/jansi-1.4.pom
	Maven2 Local: resource not reachable for org/fusesource/jansi#jansi;1.4: res=file://C:/Documents and Settings/k-sera/.m2/repository/org/fusesource/jansi/jansi/1.4/jansi-1.4.pom
	 trying file://C:\Documents and Settings\k-sera/.m2/repository/org/fusesource/jansi/jansi/1.4/jansi-1.4.jar
		tried file://C:\Documents and Settings\k-sera/.m2/repository/org/fusesource/jansi/jansi/1.4/jansi-1.4.jar
	Maven2 Local: resource not reachable for org/fusesource/jansi#jansi;1.4: res=file://C:/Documents and Settings/k-sera/.m2/repository/org/fusesource/jansi/jansi/1.4/jansi-1.4.jar
	Maven2 Local: no ivy file nor artifact found for org.fusesource.jansi#jansi;1.4
	no ivy file in cache for org.fusesource.jansi#jansi;1.4: tried C:\Documents and Settings\k-sera\.ivy2\cache\org.fusesource.jansi\jansi\ivy-1.4.xml
	 trying http://repo.typesafe.com/typesafe/ivy-releases/org.fusesource.jansi/jansi/1.4/ivys/ivy.xml
		tried http://repo.typesafe.com/typesafe/ivy-releases/org.fusesource.jansi/jansi/1.4/ivys/ivy.xml
HTTP response status: 404 url=http://repo.typesafe.com/typesafe/ivy-releases/org.fusesource.jansi/jansi/1.4/ivys/ivy.xml
CLIENT ERROR: Not Found url=http://repo.typesafe.com/typesafe/ivy-releases/org.fusesource.jansi/jansi/1.4/ivys/ivy.xml
	typesafe-ivy-releases: resource not reachable for org.fusesource.jansi#jansi;1.4: res=http://repo.typesafe.com/typesafe/ivy-releases/org.fusesource.jansi/jansi/1.4/ivys/ivy.xml
	 trying http://repo.typesafe.com/typesafe/ivy-releases/org.fusesource.jansi/jansi/1.4/jars/jansi.jar
		tried http://repo.typesafe.com/typesafe/ivy-releases/org.fusesource.jansi/jansi/1.4/jars/jansi.jar
HTTP response status: 404 url=http://repo.typesafe.com/typesafe/ivy-releases/org.fusesource.jansi/jansi/1.4/jars/jansi.jar
CLIENT ERROR: Not Found url=http://repo.typesafe.com/typesafe/ivy-releases/org.fusesource.jansi/jansi/1.4/jars/jansi.jar
	typesafe-ivy-releases: resource not reachable for org.fusesource.jansi#jansi;1.4: res=http://repo.typesafe.com/typesafe/ivy-releases/org.fusesource.jansi/jansi/1.4/jars/jansi.jar
	typesafe-ivy-releases: no ivy file nor artifact found for org.fusesource.jansi#jansi;1.4
	no ivy file in cache for org.fusesource.jansi#jansi;1.4: tried C:\Documents and Settings\k-sera\.ivy2\cache\org.fusesource.jansi\jansi\ivy-1.4.xml
	 trying http://repo1.maven.org/maven2/org/fusesource/jansi/jansi/1.4/jansi-1.4.pom
		tried http://repo1.maven.org/maven2/org/fusesource/jansi/jansi/1.4/jansi-1.4.pom
	Maven Central: found md file for org.fusesource.jansi#jansi;1.4
		=> http://repo1.maven.org/maven2/org/fusesource/jansi/jansi/1.4/jansi-1.4.pom (1.4)
	parser = pom parser
	no ivy file in cache for org.fusesource.jansi#jansi;1.4: tried C:\Documents and Settings\k-sera\.ivy2\cache\org.fusesource.jansi\jansi\ivy-1.4.xml
downloading http://repo1.maven.org/maven2/org/fusesource/jansi/jansi/1.4/jansi-1.4.pom ...
	Maven Central: downloading http://repo1.maven.org/maven2/org/fusesource/jansi/jansi/1.4/jansi-1.4.pom
		to C:\Documents and Settings\k-sera\.ivy2\cache\org.fusesource.jansi\jansi\ivy-1.4.xml.original.part
sha1 file found for http://repo1.maven.org/maven2/org/fusesource/jansi/jansi/1.4/jansi-1.4.pom: checking...
	Maven Central: downloading http://repo1.maven.org/maven2/org/fusesource/jansi/jansi/1.4/jansi-1.4.pom.sha1
		to C:\DOCUME~1\k-sera\LOCALS~1\Temp\ivytmp349164127280748145sha1
sha1 OK for http://repo1.maven.org/maven2/org/fusesource/jansi/jansi/1.4/jansi-1.4.pom
	[SUCCESSFUL ] org.fusesource.jansi#jansi;1.4!jansi.pom(pom.original) (1531ms)
	 trying C:\Documents and Settings\k-sera\.ivy2/local/org.fusesource.jansi/jansi/1.4/jars/jansi.jar
		tried C:\Documents and Settings\k-sera\.ivy2/local/org.fusesource.jansi/jansi/1.4/jars/jansi.jar
	local: resource not reachable for org.fusesource.jansi#jansi;1.4: res=C:\Documents and Settings\k-sera\.ivy2\local\org.fusesource.jansi\jansi\1.4\jars\jansi.jar
	 trying file://C:\Documents and Settings\k-sera/.m2/repository/org/fusesource/jansi/jansi/1.4/jansi-1.4.jar
		tried file://C:\Documents and Settings\k-sera/.m2/repository/org/fusesource/jansi/jansi/1.4/jansi-1.4.jar
	Maven2 Local: resource not reachable for org/fusesource/jansi#jansi;1.4: res=file://C:/Documents and Settings/k-sera/.m2/repository/org/fusesource/jansi/jansi/1.4/jansi-1.4.jar
	 trying http://repo.typesafe.com/typesafe/ivy-releases/org.fusesource.jansi/jansi/1.4/jars/jansi.jar
		tried http://repo.typesafe.com/typesafe/ivy-releases/org.fusesource.jansi/jansi/1.4/jars/jansi.jar
	typesafe-ivy-releases: resource not reachable for org.fusesource.jansi#jansi;1.4: res=http://repo.typesafe.com/typesafe/ivy-releases/org.fusesource.jansi/jansi/1.4/jars/jansi.jar
	 trying http://repo1.maven.org/maven2/org/fusesource/jansi/jansi/1.4/jansi-1.4.jar
		tried http://repo1.maven.org/maven2/org/fusesource/jansi/jansi/1.4/jansi-1.4.jar
no source artifact found for org.fusesource.jansi#jansi;1.4
no javadoc artifact found for org.fusesource.jansi#jansi;1.4
	default-cache: parsed downloaded md file for org.fusesource.jansi#jansi;1.4; parsed=org.fusesource.jansi#jansi;1.4
	checking org.fusesource.jansi#jansi;1.4 from Maven Central against [none]
	module revision kept as first found: org.fusesource.jansi#jansi;1.4 from Maven Central
	found org.fusesource.jansi#jansi;1.4 in Maven Central
== resolving dependencies org.scala-lang#jline;2.9.0-1->org.fusesource.jansi#jansi;1.4 [compile->compile(*)]
loadData of org.fusesource.jansi#jansi;1.4 of rootConf=default
== resolving dependencies org.scala-tools.sbt#boot-scala;1.0->org.scala-lang#scala-library;2.9.0-1 [default->default]
loadData of org.scala-lang#scala-library;2.9.0-1 of rootConf=default
default is loaded and no conf to load.  Skip loading
== resolving dependencies org.scala-tools.sbt#boot-scala;1.0->org.scala-lang#scala-library;2.9.0-1 [default->runtime]
loadData of org.scala-lang#scala-library;2.9.0-1 of rootConf=default
default is loaded and no conf to load.  Skip loading
== resolving dependencies org.scala-tools.sbt#boot-scala;1.0->org.scala-lang#scala-library;2.9.0-1 [default->compile]
loadData of org.scala-lang#scala-library;2.9.0-1 of rootConf=default
default is loaded and no conf to load.  Skip loading
== resolving dependencies org.scala-tools.sbt#boot-scala;1.0->org.scala-lang#scala-library;2.9.0-1 [default->master]
loadData of org.scala-lang#scala-library;2.9.0-1 of rootConf=default
default is loaded and no conf to load.  Skip loading
Nbr of module to sort : 4
Sort dependencies of : org.scala-lang#scala-compiler;2.9.0-1 / Number of dependencies = 2
Sort dependencies of : org.scala-lang#scala-library;2.9.0-1 / Number of dependencies = 0
Sort done for : org.scala-lang#scala-library;2.9.0-1
Sort dependencies of : org.scala-lang#jline;2.9.0-1 / Number of dependencies = 1
Sort dependencies of : org.fusesource.jansi#jansi;1.4 / Number of dependencies = 1
Sort done for : org.fusesource.jansi#jansi;1.4
Sort done for : org.scala-lang#jline;2.9.0-1
Sort done for : org.scala-lang#scala-compiler;2.9.0-1
Module descriptor is processed : org.scala-lang#scala-library;2.9.0-1
Module descriptor is processed : org.scala-lang#jline;2.9.0-1
Module descriptor is processed : org.fusesource.jansi#jansi;1.4
	resolved ivy file produced in C:\Documents and Settings\k-sera\.ivy2\cache\resolved-org.scala-tools.sbt-boot-scala-1.0.xml
:: downloading artifacts ::
	[NOT REQUIRED] org.scala-lang#scala-compiler;2.9.0-1!scala-compiler.jar
	[NOT REQUIRED] org.scala-lang#scala-library;2.9.0-1!scala-library.jar
	 trying http://repo1.maven.org/maven2/org/scala-lang/jline/2.9.0-1/jline-2.9.0-1.jar
		tried http://repo1.maven.org/maven2/org/scala-lang/jline/2.9.0-1/jline-2.9.0-1.jar
downloading http://repo1.maven.org/maven2/org/scala-lang/jline/2.9.0-1/jline-2.9.0-1.jar ...
	Maven Central: downloading http://repo1.maven.org/maven2/org/scala-lang/jline/2.9.0-1/jline-2.9.0-1.jar
		to C:\Documents and Settings\k-sera\.ivy2\cache\org.scala-lang\jline\jars\jline-2.9.0-1.jar.part
sha1 file found for http://repo1.maven.org/maven2/org/scala-lang/jline/2.9.0-1/jline-2.9.0-1.jar: checking...
	Maven Central: downloading http://repo1.maven.org/maven2/org/scala-lang/jline/2.9.0-1/jline-2.9.0-1.jar.sha1
		to C:\DOCUME~1\k-sera\LOCALS~1\Temp\ivytmp437113323591543301sha1
sha1 OK for http://repo1.maven.org/maven2/org/scala-lang/jline/2.9.0-1/jline-2.9.0-1.jar
	[SUCCESSFUL ] org.scala-lang#jline;2.9.0-1!jline.jar (4219ms)
	 trying http://repo1.maven.org/maven2/org/fusesource/jansi/jansi/1.4/jansi-1.4.jar
		tried http://repo1.maven.org/maven2/org/fusesource/jansi/jansi/1.4/jansi-1.4.jar
downloading http://repo1.maven.org/maven2/org/fusesource/jansi/jansi/1.4/jansi-1.4.jar ...
	Maven Central: downloading http://repo1.maven.org/maven2/org/fusesource/jansi/jansi/1.4/jansi-1.4.jar
		to C:\Documents and Settings\k-sera\.ivy2\cache\org.fusesource.jansi\jansi\jars\jansi-1.4.jar.part
sha1 file found for http://repo1.maven.org/maven2/org/fusesource/jansi/jansi/1.4/jansi-1.4.jar: checking...
	Maven Central: downloading http://repo1.maven.org/maven2/org/fusesource/jansi/jansi/1.4/jansi-1.4.jar.sha1
		to C:\DOCUME~1\k-sera\LOCALS~1\Temp\ivytmp1856756895694099108sha1
sha1 OK for http://repo1.maven.org/maven2/org/fusesource/jansi/jansi/1.4/jansi-1.4.jar
	[SUCCESSFUL ] org.fusesource.jansi#jansi;1.4!jansi.jar (1843ms)
:: resolution report :: resolve 20672ms :: artifacts dl 6062ms
Nbr of module to sort : 4
Sort dependencies of : org.scala-lang#scala-compiler;2.9.0-1 / Number of dependencies = 2
Sort dependencies of : org.scala-lang#scala-library;2.9.0-1 / Number of dependencies = 0
Sort done for : org.scala-lang#scala-library;2.9.0-1
Sort dependencies of : org.scala-lang#jline;2.9.0-1 / Number of dependencies = 1
Sort dependencies of : org.fusesource.jansi#jansi;1.4 / Number of dependencies = 1
Sort done for : org.fusesource.jansi#jansi;1.4
Sort done for : org.scala-lang#jline;2.9.0-1
Sort done for : org.scala-lang#scala-compiler;2.9.0-1
Module descriptor is processed : org.scala-lang#scala-library;2.9.0-1
Module descriptor is processed : org.scala-lang#jline;2.9.0-1
Module descriptor is processed : org.fusesource.jansi#jansi;1.4
	report for org.scala-tools.sbt#boot-scala;1.0 default produced in C:\Documents and Settings\k-sera\.ivy2\cache\org.scala-tools.sbt-boot-scala-default.xml
	resolve done (20672ms resolve - 6062ms download)
:: retrieving :: org.scala-tools.sbt#boot-scala
	checkUpToDate=true
no explicit confs given for retrieve, using ivy file: C:\Documents and Settings\k-sera\.ivy2\cache\resolved-org.scala-tools.sbt-boot-scala-1.0.xml
using ivy parser to parse C:\Documents and Settings\k-sera\.ivy2\cache\resolved-org.scala-tools.sbt-boot-scala-1.0.xml
post 1.3 ivy file: using exact as default matcher
	confs: [default]
	retrieving C:\Documents and Settings\k-sera\.ivy2\cache\org.fusesource.jansi\jansi\jars\jansi-1.4.jar
		to C:\k-sera\IdeaProjects\scala-unittesting-blank\project\boot\scala-2.9.0-1\lib\jansi.jar
	retrieving C:\Documents and Settings\k-sera\.ivy2\cache\org.scala-lang\jline\jars\jline-2.9.0-1.jar
		to C:\k-sera\IdeaProjects\scala-unittesting-blank\project\boot\scala-2.9.0-1\lib\jline.jar
	retrieving C:\Documents and Settings\k-sera\.ivy2\cache\org.scala-lang\scala-library\jars\scala-library-2.9.0-1.jar
		to C:\k-sera\IdeaProjects\scala-unittesting-blank\project\boot\scala-2.9.0-1\lib\scala-library.jar
	retrieving C:\Documents and Settings\k-sera\.ivy2\cache\org.scala-lang\scala-compiler\jars\scala-compiler-2.9.0-1.jar
		to C:\k-sera\IdeaProjects\scala-unittesting-blank\project\boot\scala-2.9.0-1\lib\scala-compiler.jar
	4 artifacts copied, 0 already retrieved (20447kB/672ms)
	retrieve done (672ms)
